Using pre-set license
Built from '2021.3/staging' branch; Version is '2021.3.22f1 (b6c551784ba3) revision 11978065'; Using compiler version '192829333'; Build Type 'Release'
OS: 'Windows 11  (10.0.22621) 64bit CoreSingleLanguage' Language: 'ru' Physical Memory: 23982 MB
BatchMode: 1, IsHumanControllingUs: 0, StartBugReporterOnCrash: 0, Is64bit: 1, IsPro: 1

COMMAND LINE ARGUMENTS:
E:\Programs\Unity\Hub\Editor\2021.3.22f1\Editor\Unity.exe
-adb2
-batchMode
-noUpm
-name
AssetImportWorker4
-projectPath
E:/ProgProjects/VisualProg/Dragon picker xd
-logFile
Logs/AssetImportWorker4.log
-srvPort
62494
Successfully changed project path to: E:/ProgProjects/VisualProg/Dragon picker xd
E:/ProgProjects/VisualProg/Dragon picker xd
[UnityMemory] Configuration Parameters - Can be set up in boot.config
    "memorysetup-bucket-allocator-granularity=16"
    "memorysetup-bucket-allocator-bucket-count=8"
    "memorysetup-bucket-allocator-block-size=33554432"
    "memorysetup-bucket-allocator-block-count=8"
    "memorysetup-main-allocator-block-size=16777216"
    "memorysetup-thread-allocator-block-size=16777216"
    "memorysetup-gfx-main-allocator-block-size=16777216"
    "memorysetup-gfx-thread-allocator-block-size=16777216"
    "memorysetup-cache-allocator-block-size=4194304"
    "memorysetup-typetree-allocator-block-size=2097152"
    "memorysetup-profiler-bucket-allocator-granularity=16"
    "memorysetup-profiler-bucket-allocator-bucket-count=8"
    "memorysetup-profiler-bucket-allocator-block-size=33554432"
    "memorysetup-profiler-bucket-allocator-block-count=8"
    "memorysetup-profiler-allocator-block-size=16777216"
    "memorysetup-profiler-editor-allocator-block-size=1048576"
    "memorysetup-temp-allocator-size-main=16777216"
    "memorysetup-job-temp-allocator-block-size=2097152"
    "memorysetup-job-temp-allocator-block-size-background=1048576"
    "memorysetup-job-temp-allocator-reduction-small-platforms=262144"
    "memorysetup-temp-allocator-size-background-worker=32768"
    "memorysetup-temp-allocator-size-job-worker=262144"
    "memorysetup-temp-allocator-size-preload-manager=33554432"
    "memorysetup-temp-allocator-size-nav-mesh-worker=65536"
    "memorysetup-temp-allocator-size-audio-worker=65536"
    "memorysetup-temp-allocator-size-cloud-worker=32768"
    "memorysetup-temp-allocator-size-gi-baking-worker=262144"
    "memorysetup-temp-allocator-size-gfx=262144"
Player connection [23152] Host "[IP] 192.168.56.1 [Port] 0 [Flags] 2 [Guid] 738797767 [EditorId] 738797767 [Version] 1048832 [Id] WindowsEditor(7,LAPTOP-71PLF2UE) [Debug] 1 [PackageName] WindowsEditor [ProjectName] Editor" joined multi-casting on [225.0.0.222:54997]...

Player connection [23152] Host "[IP] 192.168.56.1 [Port] 0 [Flags] 2 [Guid] 738797767 [EditorId] 738797767 [Version] 1048832 [Id] WindowsEditor(7,LAPTOP-71PLF2UE) [Debug] 1 [PackageName] WindowsEditor [ProjectName] Editor" joined alternative multi-casting on [225.0.0.222:34997]...

Refreshing native plugins compatible for Editor in 74.77 ms, found 3 plugins.
Preloading 0 native plugins for Editor in 0.00 ms.
Initialize engine version: 2021.3.22f1 (b6c551784ba3)
[Subsystems] Discovering subsystems at path E:/Programs/Unity/Hub/Editor/2021.3.22f1/Editor/Data/Resources/UnitySubsystems
[Subsystems] Discovering subsystems at path E:/ProgProjects/VisualProg/Dragon picker xd/Assets
GfxDevice: creating device client; threaded=0; jobified=0
Direct3D:
    Version:  Direct3D 11.0 [level 11.1]
    Renderer: NVIDIA GeForce GTX 1650 (ID=0x1f9d)
    Vendor:   NVIDIA
    VRAM:     3962 MB
    Driver:   30.0.15.1278
Shader 'Custom/AdditiveTintable': fallback shader 'Particles/Additive (Soft)' not found
Initialize mono
Mono path[0] = 'E:/Programs/Unity/Hub/Editor/2021.3.22f1/Editor/Data/Managed'
Mono path[1] = 'E:/Programs/Unity/Hub/Editor/2021.3.22f1/Editor/Data/MonoBleedingEdge/lib/mono/unityjit-win32'
Mono config path = 'E:/Programs/Unity/Hub/Editor/2021.3.22f1/Editor/Data/MonoBleedingEdge/etc'
Using monoOptions --debugger-agent=transport=dt_socket,embedding=1,server=y,suspend=n,address=127.0.0.1:56092
Begin MonoManager ReloadAssembly
Registering precompiled unity dll's ...
Register platform support module: E:/Programs/Unity/Hub/Editor/2021.3.22f1/Editor/Data/PlaybackEngines/WindowsStandaloneSupport/UnityEditor.WindowsStandalone.Extensions.dll
Registered in 0.002107 seconds.
Native extension for WindowsStandalone target not found
Refreshing native plugins compatible for Editor in 75.22 ms, found 3 plugins.
Preloading 0 native plugins for Editor in 0.00 ms.
Mono: successfully reloaded assembly
- Completed reload, in  0.572 seconds
Domain Reload Profiling:
	ReloadAssembly (572ms)
		BeginReloadAssembly (72ms)
			ExecutionOrderSort (0ms)
			DisableScriptedObjects (0ms)
			BackupInstance (0ms)
			ReleaseScriptingObjects (0ms)
			CreateAndSetChildDomain (1ms)
		EndReloadAssembly (418ms)
			LoadAssemblies (72ms)
			RebuildTransferFunctionScriptingTraits (0ms)
			SetupTypeCache (96ms)
			ReleaseScriptCaches (0ms)
			RebuildScriptCaches (30ms)
			SetupLoadedEditorAssemblies (246ms)
				LogAssemblyErrors (0ms)
				InitializePlatformSupportModulesInManaged (6ms)
				SetLoadedEditorAssemblies (0ms)
				RefreshPlugins (75ms)
				BeforeProcessingInitializeOnLoad (1ms)
				ProcessInitializeOnLoadAttributes (117ms)
				ProcessInitializeOnLoadMethodAttributes (45ms)
				AfterProcessingInitializeOnLoad (0ms)
				EditorAssembliesLoaded (0ms)
			ExecutionOrderSort2 (0ms)
			AwakeInstancesAfterBackupRestoration (0ms)
Platform modules already initialized, skipping
Registering precompiled user dll's ...
Registered in 0.002975 seconds.
Begin MonoManager ReloadAssembly
Symbol file LoadedFromMemory doesn't match image E:\ProgProjects\VisualProg\Dragon picker xd\Library\PackageCache\com.unity.visualscripting@1.8.0\Editor\VisualScripting.Core\Dependencies\YamlDotNet\Unity.VisualScripting.YamlDotNet.dll
Symbol file LoadedFromMemory doesn't match image E:\ProgProjects\VisualProg\Dragon picker xd\Library\PackageCache\com.unity.visualscripting@1.8.0\Editor\VisualScripting.Core\Dependencies\DotNetZip\Unity.VisualScripting.IonicZip.dll
Native extension for WindowsStandalone target not found
Refreshing native plugins compatible for Editor in 0.61 ms, found 3 plugins.
Preloading 0 native plugins for Editor in 0.00 ms.
Mono: successfully reloaded assembly
- Completed reload, in  0.882 seconds
Domain Reload Profiling:
	ReloadAssembly (883ms)
		BeginReloadAssembly (114ms)
			ExecutionOrderSort (0ms)
			DisableScriptedObjects (6ms)
			BackupInstance (0ms)
			ReleaseScriptingObjects (0ms)
			CreateAndSetChildDomain (20ms)
		EndReloadAssembly (673ms)
			LoadAssemblies (78ms)
			RebuildTransferFunctionScriptingTraits (0ms)
			SetupTypeCache (233ms)
			ReleaseScriptCaches (1ms)
			RebuildScriptCaches (48ms)
			SetupLoadedEditorAssemblies (295ms)
				LogAssemblyErrors (0ms)
				InitializePlatformSupportModulesInManaged (4ms)
				SetLoadedEditorAssemblies (0ms)
				RefreshPlugins (1ms)
				BeforeProcessingInitializeOnLoad (70ms)
				ProcessInitializeOnLoadAttributes (200ms)
				ProcessInitializeOnLoadMethodAttributes (17ms)
				AfterProcessingInitializeOnLoad (2ms)
				EditorAssembliesLoaded (0ms)
			ExecutionOrderSort2 (0ms)
			AwakeInstancesAfterBackupRestoration (5ms)
Platform modules already initialized, skipping
========================================================================
Worker process is ready to serve import requests
Shader 'Custom/AdditiveTintable': fallback shader 'Particles/Additive (Soft)' not found
Launched and connected shader compiler UnityShaderCompiler.exe after 0.04 seconds
Refreshing native plugins compatible for Editor in 0.61 ms, found 3 plugins.
Preloading 0 native plugins for Editor in 0.00 ms.
Unloading 3063 Unused Serialized files (Serialized files now loaded: 0)
Unloading 24 unused Assets / (113.5 KB). Loaded Objects now: 3531.
Memory consumption went from 109.0 MB to 108.9 MB.
Total: 2.972400 ms (FindLiveObjects: 0.300100 ms CreateObjectMapping: 0.113900 ms MarkObjects: 2.454300 ms  DeleteObjects: 0.102300 ms)

AssetImportParameters requested are different than current active one (requested -> active):
  custom:video-decoder-ogg-theora: a1e56fd34408186e4bbccfd4996cb3dc -> 
  custom:container-muxer-webm: aa71ff27fc2769a1b78a27578f13a17b -> 
  custom:container-demuxer-webm: 4f35f7cbe854078d1ac9338744f61a02 -> 
  custom:video-encoder-webm-vp8: eb34c28f22e8b96e1ab97ce403110664 -> 
  custom:video-codec-MediaFoundation-h265: 746d11721c4dcdbdad8f713fa42b33f4 -> 
  custom:audio-encoder-webm-vorbis: bf7c407c2cedff20999df2af8eb42d56 -> 
  custom:framework-win-MediaFoundation: 216162199b28c13a410421893ffa2e32 -> 
  custom:container-demuxer-ogg: 62fdf1f143b41e24485cea50d1cbac27 -> 
  custom:video-decoder-webm-vp8: 9c59270c3fd7afecdb556c50c9e8de78 -> 
  custom:audio-decoder-ogg-vorbis: bf7c407c2cedff20999df2af8eb42d56 -> 
========================================================================
Received Import Request.
  Time since last request: 600413.069945 seconds.
  path: Assets/AurynSky/Rockets Missiles and Bombs/Materials
  artifactKey: Guid(5b5176c5b1dfc7b459073216901e4908) Importer(815301076,1909f56bfc062723c751e8b465ee728b)
Start importing Assets/AurynSky/Rockets Missiles and Bombs/Materials using Guid(5b5176c5b1dfc7b459073216901e4908) Importer(815301076,1909f56bfc062723c751e8b465ee728b)  -> (artifact id: '9a461fddb8e5d841ddfe0f3ca76e8e93') in 0.013651 seconds 
========================================================================
Received Import Request.
  Time since last request: 0.036854 seconds.
  path: Assets/AurynSky/Rockets Missiles and Bombs/Materials/RocketsPalletteBlank.mat
  artifactKey: Guid(2b7876ae0786e024a9ffb3d967163128) Importer(815301076,1909f56bfc062723c751e8b465ee728b)
Start importing Assets/AurynSky/Rockets Missiles and Bombs/Materials/RocketsPalletteBlank.mat using Guid(2b7876ae0786e024a9ffb3d967163128) Importer(815301076,1909f56bfc062723c751e8b465ee728b)  -> (artifact id: '5b1a0634e96323012f68ce3409c78c2f') in 0.141591 seconds 
========================================================================
Received Import Request.
  Time since last request: 17.066569 seconds.
  path: Assets/AurynSky/Rockets Missiles and Bombs/Prefabs/Red
  artifactKey: Guid(a418fd35103767d4ab9709be3630bf2f) Importer(815301076,1909f56bfc062723c751e8b465ee728b)
Start importing Assets/AurynSky/Rockets Missiles and Bombs/Prefabs/Red using Guid(a418fd35103767d4ab9709be3630bf2f) Importer(815301076,1909f56bfc062723c751e8b465ee728b)  -> (artifact id: 'c733209806706737d8323b107a1750f4') in 0.024881 seconds 
========================================================================
Received Import Request.
  Time since last request: 1.160942 seconds.
  path: Assets/AurynSky/Rockets Missiles and Bombs/Prefabs/Grey
  artifactKey: Guid(4fbb2540ae9ead44483eff968a5a9608) Importer(815301076,1909f56bfc062723c751e8b465ee728b)
Start importing Assets/AurynSky/Rockets Missiles and Bombs/Prefabs/Grey using Guid(4fbb2540ae9ead44483eff968a5a9608) Importer(815301076,1909f56bfc062723c751e8b465ee728b)  -> (artifact id: 'a7c8038d63cb2ecce632dc414b3b7975') in 0.008374 seconds 
========================================================================
Received Import Request.
  Time since last request: 0.206624 seconds.
  path: Assets/AurynSky/Rockets Missiles and Bombs/Prefabs/Grey/Rocket01_Grey.prefab
  artifactKey: Guid(40e1839cf65329c4aa6373c29c2a062f) Importer(815301076,1909f56bfc062723c751e8b465ee728b)
Start importing Assets/AurynSky/Rockets Missiles and Bombs/Prefabs/Grey/Rocket01_Grey.prefab using Guid(40e1839cf65329c4aa6373c29c2a062f) Importer(815301076,1909f56bfc062723c751e8b465ee728b)  -> (artifact id: '96a9336c47d003089ebdd6c09a2f5f9b') in 0.033619 seconds 
========================================================================
Received Import Request.
  Time since last request: 0.000059 seconds.
  path: Assets/AurynSky/Rockets Missiles and Bombs/Prefabs/Grey/Rocket06_Grey.prefab
  artifactKey: Guid(7791af2a4983aa543a539b9502db5168) Importer(815301076,1909f56bfc062723c751e8b465ee728b)
Start importing Assets/AurynSky/Rockets Missiles and Bombs/Prefabs/Grey/Rocket06_Grey.prefab using Guid(7791af2a4983aa543a539b9502db5168) Importer(815301076,1909f56bfc062723c751e8b465ee728b)  -> (artifact id: 'fe0795291fb17edc25ef6d75d30a42d7') in 0.025868 seconds 
========================================================================
Received Import Request.
  Time since last request: 0.000030 seconds.
  path: Assets/AurynSky/Rockets Missiles and Bombs/Prefabs/Grey/Rocket18_Grey.prefab
  artifactKey: Guid(98cdf144a0c73f940a711a6ec5ed563c) Importer(815301076,1909f56bfc062723c751e8b465ee728b)
Start importing Assets/AurynSky/Rockets Missiles and Bombs/Prefabs/Grey/Rocket18_Grey.prefab using Guid(98cdf144a0c73f940a711a6ec5ed563c) Importer(815301076,1909f56bfc062723c751e8b465ee728b)  -> (artifact id: '4eb7cb702fedcb42bfda479a17c51f4e') in 0.024248 seconds 
========================================================================
Received Import Request.
  Time since last request: 0.000025 seconds.
  path: Assets/AurynSky/Rockets Missiles and Bombs/Prefabs/Grey/Rocket15_Grey.prefab
  artifactKey: Guid(e7ea29554e0ecca4991c27160bb10eab) Importer(815301076,1909f56bfc062723c751e8b465ee728b)
Start importing Assets/AurynSky/Rockets Missiles and Bombs/Prefabs/Grey/Rocket15_Grey.prefab using Guid(e7ea29554e0ecca4991c27160bb10eab) Importer(815301076,1909f56bfc062723c751e8b465ee728b)  -> (artifact id: '48b0cecc25452594197ef70d402b6270') in 0.017820 seconds 
========================================================================
Received Import Request.
  Time since last request: 0.000028 seconds.
  path: Assets/AurynSky/Rockets Missiles and Bombs/Prefabs/Grey/Rocket26_Grey.prefab
  artifactKey: Guid(98909b2fcc0dae144a70bb876ca5562c) Importer(815301076,1909f56bfc062723c751e8b465ee728b)
Start importing Assets/AurynSky/Rockets Missiles and Bombs/Prefabs/Grey/Rocket26_Grey.prefab using Guid(98909b2fcc0dae144a70bb876ca5562c) Importer(815301076,1909f56bfc062723c751e8b465ee728b)  -> (artifact id: '20343d7785913fded2b0f4e27de0c5b3') in 0.024969 seconds 
========================================================================
Received Import Request.
  Time since last request: 0.000045 seconds.
  path: Assets/AurynSky/Rockets Missiles and Bombs/Prefabs/Grey/Rocket07_Grey.prefab
  artifactKey: Guid(1d2ca58cc67f60849bf1ac5779914c88) Importer(815301076,1909f56bfc062723c751e8b465ee728b)
Start importing Assets/AurynSky/Rockets Missiles and Bombs/Prefabs/Grey/Rocket07_Grey.prefab using Guid(1d2ca58cc67f60849bf1ac5779914c88) Importer(815301076,1909f56bfc062723c751e8b465ee728b)  -> (artifact id: 'a5b63b43bda3e93638cec433f6de344f') in 0.021439 seconds 
========================================================================
Received Import Request.
  Time since last request: 0.000026 seconds.
  path: Assets/AurynSky/Rockets Missiles and Bombs/Prefabs/Grey/Rocket29_Grey.prefab
  artifactKey: Guid(18b82e2761b37754fa282ffd7295c5f0) Importer(815301076,1909f56bfc062723c751e8b465ee728b)
Start importing Assets/AurynSky/Rockets Missiles and Bombs/Prefabs/Grey/Rocket29_Grey.prefab using Guid(18b82e2761b37754fa282ffd7295c5f0) Importer(815301076,1909f56bfc062723c751e8b465ee728b)  -> (artifact id: '4a78d5f9b3d36991c1670907050a6d42') in 0.024872 seconds 
========================================================================
Received Import Request.
  Time since last request: 0.000023 seconds.
  path: Assets/AurynSky/Rockets Missiles and Bombs/Prefabs/Grey/Rocket23_Grey.prefab
  artifactKey: Guid(3dfb132e9b834f64ba2bf317d1d150ce) Importer(815301076,1909f56bfc062723c751e8b465ee728b)
Start importing Assets/AurynSky/Rockets Missiles and Bombs/Prefabs/Grey/Rocket23_Grey.prefab using Guid(3dfb132e9b834f64ba2bf317d1d150ce) Importer(815301076,1909f56bfc062723c751e8b465ee728b)  -> (artifact id: '9dcd5337871e6bca9255be7f0ba55ac7') in 0.022536 seconds 
========================================================================
Received Import Request.
  Time since last request: 0.000029 seconds.
  path: Assets/AurynSky/Rockets Missiles and Bombs/Prefabs/Grey/Rocket16_Grey.prefab
  artifactKey: Guid(09953c8eb4fcb7d4b8e4940fcef25e8b) Importer(815301076,1909f56bfc062723c751e8b465ee728b)
Start importing Assets/AurynSky/Rockets Missiles and Bombs/Prefabs/Grey/Rocket16_Grey.prefab using Guid(09953c8eb4fcb7d4b8e4940fcef25e8b) Importer(815301076,1909f56bfc062723c751e8b465ee728b)  -> (artifact id: 'cf4896bcd2c144726e2f50dcc6c1cfc7') in 0.020227 seconds 
========================================================================
Received Import Request.
  Time since last request: 0.000035 seconds.
  path: Assets/AurynSky/Rockets Missiles and Bombs/Prefabs/Grey/Rocket22_Grey.prefab
  artifactKey: Guid(7cd2e36d9f07c3540929f65136bf0c2e) Importer(815301076,1909f56bfc062723c751e8b465ee728b)
Start importing Assets/AurynSky/Rockets Missiles and Bombs/Prefabs/Grey/Rocket22_Grey.prefab using Guid(7cd2e36d9f07c3540929f65136bf0c2e) Importer(815301076,1909f56bfc062723c751e8b465ee728b)  -> (artifact id: '134ea0e562d39c6513f80a60c831578f') in 0.017377 seconds 
========================================================================
Received Import Request.
  Time since last request: 32.934489 seconds.
  path: Assets/Scenes/Prefabs/Rocket20.prefab
  artifactKey: Guid(7e5d5d2498f81234387dff59963fc8b4) Importer(815301076,1909f56bfc062723c751e8b465ee728b)
Start importing Assets/Scenes/Prefabs/Rocket20.prefab using Guid(7e5d5d2498f81234387dff59963fc8b4) Importer(815301076,1909f56bfc062723c751e8b465ee728b)  -> (artifact id: '4c82036a4c7aff2372e02e163c3d439e') in 0.015586 seconds 
========================================================================
Received Import Request.
  Time since last request: 157.473236 seconds.
  path: Assets/Scenes/Rocket20.fbx
  artifactKey: Guid(4fa91888944607a43abefe7673351c7a) Importer(815301076,1909f56bfc062723c751e8b465ee728b)
Start importing Assets/Scenes/Rocket20.fbx using Guid(4fa91888944607a43abefe7673351c7a) Importer(815301076,1909f56bfc062723c751e8b465ee728b)  -> (artifact id: '273a7a941e28bfc921b4832c00ecc189') in 0.033868 seconds 
========================================================================
Received Import Request.
  Time since last request: 13.098214 seconds.
  path: Assets/Scenes/RocketsPalletteGreen.png
  artifactKey: Guid(0a13d31809b81ec479a84f417c8c3e65) Importer(815301076,1909f56bfc062723c751e8b465ee728b)
Start importing Assets/Scenes/RocketsPalletteGreen.png using Guid(0a13d31809b81ec479a84f417c8c3e65) Importer(815301076,1909f56bfc062723c751e8b465ee728b)  -> (artifact id: 'b2eae9a8d26929a88b9c9cc37066e211') in 0.022759 seconds 
========================================================================
Received Import Request.
  Time since last request: 9.973725 seconds.
  path: Assets/Christmas Tree - POLYCRAFT Series
  artifactKey: Guid(78e5dea7c868caa47aa90f66c2df4b8a) Importer(815301076,1909f56bfc062723c751e8b465ee728b)
Start importing Assets/Christmas Tree - POLYCRAFT Series using Guid(78e5dea7c868caa47aa90f66c2df4b8a) Importer(815301076,1909f56bfc062723c751e8b465ee728b)  -> (artifact id: 'b3d737a10e7cd48842ed0c0ac4ec0fb8') in 0.007767 seconds 
========================================================================
Received Import Request.
  Time since last request: 7.063968 seconds.
  path: Assets/Scenes/Prefabs/Rocket20.prefab
  artifactKey: Guid(7e5d5d2498f81234387dff59963fc8b4) Importer(815301076,1909f56bfc062723c751e8b465ee728b)
Start importing Assets/Scenes/Prefabs/Rocket20.prefab using Guid(7e5d5d2498f81234387dff59963fc8b4) Importer(815301076,1909f56bfc062723c751e8b465ee728b)  -> (artifact id: '8d2192c1b0b45b26b5aebe1fee520725') in 0.003439 seconds 
========================================================================
Received Import Request.
  Time since last request: 57.022133 seconds.
  path: Assets/Scenes/Prefabs/Rocket20 (1) Variant.prefab
  artifactKey: Guid(31361aecc6d453346a4603d76e8b3200) Importer(815301076,1909f56bfc062723c751e8b465ee728b)
Start importing Assets/Scenes/Prefabs/Rocket20 (1) Variant.prefab using Guid(31361aecc6d453346a4603d76e8b3200) Importer(815301076,1909f56bfc062723c751e8b465ee728b)  -> (artifact id: 'a13c2e30f9d619f92f35f5825cf208cc') in 0.017589 seconds 
========================================================================
Received Import Request.
  Time since last request: 2.949660 seconds.
  path: Assets/Scenes/Prefabs/Rocket20 (1) Variant.prefab
  artifactKey: Guid(31361aecc6d453346a4603d76e8b3200) Importer(815301076,1909f56bfc062723c751e8b465ee728b)
Start importing Assets/Scenes/Prefabs/Rocket20 (1) Variant.prefab using Guid(31361aecc6d453346a4603d76e8b3200) Importer(815301076,1909f56bfc062723c751e8b465ee728b)  -> (artifact id: 'a2297e48ed9eccc0799e76daa9ebbb1a') in 0.003624 seconds 
========================================================================
Received Import Request.
  Time since last request: 36.628408 seconds.
  path: Assets/Scenes/Prefabs/Rocket20 (1) Variant.prefab
  artifactKey: Guid(31361aecc6d453346a4603d76e8b3200) Importer(815301076,1909f56bfc062723c751e8b465ee728b)
Start importing Assets/Scenes/Prefabs/Rocket20 (1) Variant.prefab using Guid(31361aecc6d453346a4603d76e8b3200) Importer(815301076,1909f56bfc062723c751e8b465ee728b)  -> (artifact id: '9e02a82f0fa95173607d406da9cd91cc') in 0.017664 seconds 
========================================================================
Received Import Request.
  Time since last request: 42.771041 seconds.
  path: Assets/Scenes/Prefabs/Rocket20.prefab
  artifactKey: Guid(7e5d5d2498f81234387dff59963fc8b4) Importer(815301076,1909f56bfc062723c751e8b465ee728b)
Start importing Assets/Scenes/Prefabs/Rocket20.prefab using Guid(7e5d5d2498f81234387dff59963fc8b4) Importer(815301076,1909f56bfc062723c751e8b465ee728b)  -> (artifact id: '915c0108721d5b45af7807014e3f0132') in 0.014888 seconds 
========================================================================
Received Import Request.
  Time since last request: 6.961275 seconds.
  path: Assets/Scenes/Prefabs/Rocket20.prefab
  artifactKey: Guid(7e5d5d2498f81234387dff59963fc8b4) Importer(815301076,1909f56bfc062723c751e8b465ee728b)
Start importing Assets/Scenes/Prefabs/Rocket20.prefab using Guid(7e5d5d2498f81234387dff59963fc8b4) Importer(815301076,1909f56bfc062723c751e8b465ee728b)  -> (artifact id: '328545c13c5598a2d7a6085857f1ade6') in 0.013674 seconds 
========================================================================
Received Import Request.
  Time since last request: 3.209471 seconds.
  path: Assets/Scenes/Prefabs/Rocket20.prefab
  artifactKey: Guid(7e5d5d2498f81234387dff59963fc8b4) Importer(815301076,1909f56bfc062723c751e8b465ee728b)
Start importing Assets/Scenes/Prefabs/Rocket20.prefab using Guid(7e5d5d2498f81234387dff59963fc8b4) Importer(815301076,1909f56bfc062723c751e8b465ee728b)  -> (artifact id: '19169133172fe5d4340f4110bcad13d2') in 0.013444 seconds 
========================================================================
Received Import Request.
  Time since last request: 1.595820 seconds.
  path: Assets/Scenes/Prefabs/Rocket20.prefab
  artifactKey: Guid(7e5d5d2498f81234387dff59963fc8b4) Importer(815301076,1909f56bfc062723c751e8b465ee728b)
Start importing Assets/Scenes/Prefabs/Rocket20.prefab using Guid(7e5d5d2498f81234387dff59963fc8b4) Importer(815301076,1909f56bfc062723c751e8b465ee728b)  -> (artifact id: '38569694cd98a77a5a7a1b6644177d5f') in 0.014320 seconds 
========================================================================
Received Import Request.
  Time since last request: 6.001386 seconds.
  path: Assets/Scenes/Prefabs/Rocket20.prefab
  artifactKey: Guid(7e5d5d2498f81234387dff59963fc8b4) Importer(815301076,1909f56bfc062723c751e8b465ee728b)
Start importing Assets/Scenes/Prefabs/Rocket20.prefab using Guid(7e5d5d2498f81234387dff59963fc8b4) Importer(815301076,1909f56bfc062723c751e8b465ee728b)  -> (artifact id: '23d662b5631d3138b2a25df88495588a') in 0.009459 seconds 
========================================================================
Received Import Request.
  Time since last request: 1.797552 seconds.
  path: Assets/Scenes/Prefabs/Rocket20.prefab
  artifactKey: Guid(7e5d5d2498f81234387dff59963fc8b4) Importer(815301076,1909f56bfc062723c751e8b465ee728b)
Start importing Assets/Scenes/Prefabs/Rocket20.prefab using Guid(7e5d5d2498f81234387dff59963fc8b4) Importer(815301076,1909f56bfc062723c751e8b465ee728b)  -> (artifact id: '250253c74d4f2158659f5550e323a006') in 0.008234 seconds 
========================================================================
Received Import Request.
  Time since last request: 0.994399 seconds.
  path: Assets/Scenes/Prefabs/Rocket20.prefab
  artifactKey: Guid(7e5d5d2498f81234387dff59963fc8b4) Importer(815301076,1909f56bfc062723c751e8b465ee728b)
Start importing Assets/Scenes/Prefabs/Rocket20.prefab using Guid(7e5d5d2498f81234387dff59963fc8b4) Importer(815301076,1909f56bfc062723c751e8b465ee728b)  -> (artifact id: '2f8395d42899ba3fcb00b76c88245b34') in 0.008402 seconds 
========================================================================
Received Import Request.
  Time since last request: 27.593439 seconds.
  path: Assets/Scenes/Prefabs/Rocket20.prefab
  artifactKey: Guid(7e5d5d2498f81234387dff59963fc8b4) Importer(815301076,1909f56bfc062723c751e8b465ee728b)
Start importing Assets/Scenes/Prefabs/Rocket20.prefab using Guid(7e5d5d2498f81234387dff59963fc8b4) Importer(815301076,1909f56bfc062723c751e8b465ee728b)  -> (artifact id: '4a0dc3caed445f094e6188db1f875b4a') in 0.019394 seconds 
========================================================================
Received Prepare
Registering precompiled user dll's ...
Registered in 0.002812 seconds.
Begin MonoManager ReloadAssembly
Symbol file LoadedFromMemory doesn't match image E:\ProgProjects\VisualProg\Dragon picker xd\Library\PackageCache\com.unity.visualscripting@1.8.0\Editor\VisualScripting.Core\Dependencies\YamlDotNet\Unity.VisualScripting.YamlDotNet.dll
Symbol file LoadedFromMemory doesn't match image E:\ProgProjects\VisualProg\Dragon picker xd\Library\PackageCache\com.unity.visualscripting@1.8.0\Editor\VisualScripting.Core\Dependencies\DotNetZip\Unity.VisualScripting.IonicZip.dll
Native extension for WindowsStandalone target not found
Refreshing native plugins compatible for Editor in 0.76 ms, found 3 plugins.
Preloading 0 native plugins for Editor in 0.00 ms.
Mono: successfully reloaded assembly
- Completed reload, in  0.913 seconds
Domain Reload Profiling:
	ReloadAssembly (913ms)
		BeginReloadAssembly (140ms)
			ExecutionOrderSort (0ms)
			DisableScriptedObjects (4ms)
			BackupInstance (0ms)
			ReleaseScriptingObjects (0ms)
			CreateAndSetChildDomain (38ms)
		EndReloadAssembly (674ms)
			LoadAssemblies (85ms)
			RebuildTransferFunctionScriptingTraits (0ms)
			SetupTypeCache (253ms)
			ReleaseScriptCaches (2ms)
			RebuildScriptCaches (42ms)
			SetupLoadedEditorAssemblies (269ms)
				LogAssemblyErrors (0ms)
				InitializePlatformSupportModulesInManaged (4ms)
				SetLoadedEditorAssemblies (0ms)
				RefreshPlugins (1ms)
				BeforeProcessingInitializeOnLoad (50ms)
				ProcessInitializeOnLoadAttributes (192ms)
				ProcessInitializeOnLoadMethodAttributes (19ms)
				AfterProcessingInitializeOnLoad (3ms)
				EditorAssembliesLoaded (0ms)
			ExecutionOrderSort2 (0ms)
			AwakeInstancesAfterBackupRestoration (8ms)
Platform modules already initialized, skipping
Shader 'Custom/AdditiveTintable': fallback shader 'Particles/Additive (Soft)' not found
Refreshing native plugins compatible for Editor in 1.81 ms, found 3 plugins.
Preloading 0 native plugins for Editor in 0.00 ms.
Unloading 3057 Unused Serialized files (Serialized files now loaded: 0)
Unloading 17 unused Assets / (79.9 KB). Loaded Objects now: 3580.
Memory consumption went from 113.6 MB to 113.5 MB.
Total: 3.232300 ms (FindLiveObjects: 0.321900 ms CreateObjectMapping: 0.090700 ms MarkObjects: 2.679400 ms  DeleteObjects: 0.138100 ms)

AssetImportParameters requested are different than current active one (requested -> active):
  custom:video-decoder-ogg-theora: a1e56fd34408186e4bbccfd4996cb3dc -> 
  custom:container-muxer-webm: aa71ff27fc2769a1b78a27578f13a17b -> 
  custom:container-demuxer-webm: 4f35f7cbe854078d1ac9338744f61a02 -> 
  custom:video-encoder-webm-vp8: eb34c28f22e8b96e1ab97ce403110664 -> 
  custom:video-codec-MediaFoundation-h265: 746d11721c4dcdbdad8f713fa42b33f4 -> 
  custom:audio-encoder-webm-vorbis: bf7c407c2cedff20999df2af8eb42d56 -> 
  custom:framework-win-MediaFoundation: 216162199b28c13a410421893ffa2e32 -> 
  custom:container-demuxer-ogg: 62fdf1f143b41e24485cea50d1cbac27 -> 
  custom:video-decoder-webm-vp8: 9c59270c3fd7afecdb556c50c9e8de78 -> 
  custom:audio-decoder-ogg-vorbis: bf7c407c2cedff20999df2af8eb42d56 -> 
========================================================================
Received Prepare
Registering precompiled user dll's ...
Registered in 0.002939 seconds.
Begin MonoManager ReloadAssembly
Symbol file LoadedFromMemory doesn't match image E:\ProgProjects\VisualProg\Dragon picker xd\Library\PackageCache\com.unity.visualscripting@1.8.0\Editor\VisualScripting.Core\Dependencies\YamlDotNet\Unity.VisualScripting.YamlDotNet.dll
Symbol file LoadedFromMemory doesn't match image E:\ProgProjects\VisualProg\Dragon picker xd\Library\PackageCache\com.unity.visualscripting@1.8.0\Editor\VisualScripting.Core\Dependencies\DotNetZip\Unity.VisualScripting.IonicZip.dll
Native extension for WindowsStandalone target not found
Refreshing native plugins compatible for Editor in 0.66 ms, found 3 plugins.
Preloading 0 native plugins for Editor in 0.00 ms.
Mono: successfully reloaded assembly
- Completed reload, in  0.878 seconds
Domain Reload Profiling:
	ReloadAssembly (879ms)
		BeginReloadAssembly (125ms)
			ExecutionOrderSort (0ms)
			DisableScriptedObjects (5ms)
			BackupInstance (0ms)
			ReleaseScriptingObjects (0ms)
			CreateAndSetChildDomain (33ms)
		EndReloadAssembly (667ms)
			LoadAssemblies (78ms)
			RebuildTransferFunctionScriptingTraits (0ms)
			SetupTypeCache (242ms)
			ReleaseScriptCaches (1ms)
			RebuildScriptCaches (39ms)
			SetupLoadedEditorAssemblies (276ms)
				LogAssemblyErrors (0ms)
				InitializePlatformSupportModulesInManaged (4ms)
				SetLoadedEditorAssemblies (0ms)
				RefreshPlugins (1ms)
				BeforeProcessingInitializeOnLoad (54ms)
				ProcessInitializeOnLoadAttributes (194ms)
				ProcessInitializeOnLoadMethodAttributes (20ms)
				AfterProcessingInitializeOnLoad (3ms)
				EditorAssembliesLoaded (0ms)
			ExecutionOrderSort2 (0ms)
			AwakeInstancesAfterBackupRestoration (7ms)
Platform modules already initialized, skipping
Shader 'Custom/AdditiveTintable': fallback shader 'Particles/Additive (Soft)' not found
Refreshing native plugins compatible for Editor in 1.52 ms, found 3 plugins.
Preloading 0 native plugins for Editor in 0.00 ms.
Unloading 3057 Unused Serialized files (Serialized files now loaded: 0)
Unloading 17 unused Assets / (79.9 KB). Loaded Objects now: 3583.
Memory consumption went from 113.6 MB to 113.5 MB.
Total: 3.421700 ms (FindLiveObjects: 0.356700 ms CreateObjectMapping: 0.169600 ms MarkObjects: 2.789100 ms  DeleteObjects: 0.104400 ms)

AssetImportParameters requested are different than current active one (requested -> active):
  custom:video-decoder-ogg-theora: a1e56fd34408186e4bbccfd4996cb3dc -> 
  custom:container-muxer-webm: aa71ff27fc2769a1b78a27578f13a17b -> 
  custom:container-demuxer-webm: 4f35f7cbe854078d1ac9338744f61a02 -> 
  custom:video-encoder-webm-vp8: eb34c28f22e8b96e1ab97ce403110664 -> 
  custom:video-codec-MediaFoundation-h265: 746d11721c4dcdbdad8f713fa42b33f4 -> 
  custom:audio-encoder-webm-vorbis: bf7c407c2cedff20999df2af8eb42d56 -> 
  custom:framework-win-MediaFoundation: 216162199b28c13a410421893ffa2e32 -> 
  custom:container-demuxer-ogg: 62fdf1f143b41e24485cea50d1cbac27 -> 
  custom:video-decoder-webm-vp8: 9c59270c3fd7afecdb556c50c9e8de78 -> 
  custom:audio-decoder-ogg-vorbis: bf7c407c2cedff20999df2af8eb42d56 -> 
========================================================================
Received Import Request.
  Time since last request: 59.820781 seconds.
  path: Assets/Scenes/Prefabs/Rocket
  artifactKey: Guid(69d2012508a5f5c44af77addb8282c31) Importer(815301076,1909f56bfc062723c751e8b465ee728b)
Start importing Assets/Scenes/Prefabs/Rocket using Guid(69d2012508a5f5c44af77addb8282c31) Importer(815301076,1909f56bfc062723c751e8b465ee728b)  -> (artifact id: '673995ff4e477a7fbc48d14395f8ccbb') in 0.013228 seconds 
========================================================================
Received Import Request.
  Time since last request: 70.719284 seconds.
  path: Assets/Scenes/Skybox
  artifactKey: Guid(e964329c7a3ee6647954e9860f60dc9c) Importer(815301076,1909f56bfc062723c751e8b465ee728b)
Start importing Assets/Scenes/Skybox using Guid(e964329c7a3ee6647954e9860f60dc9c) Importer(815301076,1909f56bfc062723c751e8b465ee728b)  -> (artifact id: '4b88a9cf113074ddcb9bdf84eec0b1cc') in 0.009122 seconds 
========================================================================
Received Import Request.
  Time since last request: 1.685400 seconds.
  path: Assets/Scenes/Skybox/WispySkyboxMobileMat2.mat
  artifactKey: Guid(92d38c7d1a007c240a905550441d1249) Importer(815301076,1909f56bfc062723c751e8b465ee728b)
Start importing Assets/Scenes/Skybox/WispySkyboxMobileMat2.mat using Guid(92d38c7d1a007c240a905550441d1249) Importer(815301076,1909f56bfc062723c751e8b465ee728b)  -> (artifact id: '1ad03df8ec7ba4423658b1cd721d1f3b') in 0.084037 seconds 
========================================================================
Received Import Request.
  Time since last request: 12.764218 seconds.
  path: Assets/Scenes/Skybox/WispySkyboxMobileMat2.mat
  artifactKey: Guid(92d38c7d1a007c240a905550441d1249) Importer(815301076,1909f56bfc062723c751e8b465ee728b)
Start importing Assets/Scenes/Skybox/WispySkyboxMobileMat2.mat using Guid(92d38c7d1a007c240a905550441d1249) Importer(815301076,1909f56bfc062723c751e8b465ee728b)  -> (artifact id: '90ca14ce0a846b981c1f69607d048528') in 0.015029 seconds 
========================================================================
Received Import Request.
  Time since last request: 20.870636 seconds.
  path: Assets/Wispy Sky/ReadMe.txt
  artifactKey: Guid(a9e5601e56111ab4c9051c8ce751c527) Importer(815301076,1909f56bfc062723c751e8b465ee728b)
Start importing Assets/Wispy Sky/ReadMe.txt using Guid(a9e5601e56111ab4c9051c8ce751c527) Importer(815301076,1909f56bfc062723c751e8b465ee728b)  -> (artifact id: 'b2605dca80f46257812e8a52c6024fc8') in 0.011272 seconds 
========================================================================
Received Import Request.
  Time since last request: 96.739117 seconds.
  path: Assets/Wispy Sky/Materials
  artifactKey: Guid(297298d1ec092b64aab2198cff67ccff) Importer(815301076,1909f56bfc062723c751e8b465ee728b)
Start importing Assets/Wispy Sky/Materials using Guid(297298d1ec092b64aab2198cff67ccff) Importer(815301076,1909f56bfc062723c751e8b465ee728b)  -> (artifact id: 'ffd805f0c2b2ebf2a36f667fa02f3ab8') in 0.008309 seconds 
========================================================================
Received Import Request.
  Time since last request: 0.062596 seconds.
  path: Assets/Wispy Sky/Materials/WispySkyboxMat.mat
  artifactKey: Guid(fb3b9b55c01d2194c816b2d469854e16) Importer(815301076,1909f56bfc062723c751e8b465ee728b)
Start importing Assets/Wispy Sky/Materials/WispySkyboxMat.mat using Guid(fb3b9b55c01d2194c816b2d469854e16) Importer(815301076,1909f56bfc062723c751e8b465ee728b)  -> (artifact id: 'af85a1f1072e57df2e804513d0428ecf') in 0.021870 seconds 
========================================================================
Received Import Request.
  Time since last request: 0.000022 seconds.
  path: Assets/Wispy Sky/Materials/WispySkyboxMobileMat2.mat
  artifactKey: Guid(9f327c06f8120874aa029411cd0352cb) Importer(815301076,1909f56bfc062723c751e8b465ee728b)
Start importing Assets/Wispy Sky/Materials/WispySkyboxMobileMat2.mat using Guid(9f327c06f8120874aa029411cd0352cb) Importer(815301076,1909f56bfc062723c751e8b465ee728b)  -> (artifact id: '91cdb723a8396db1e3d835386f9bb49d') in 0.014657 seconds 
========================================================================
Received Import Request.
  Time since last request: 0.000034 seconds.
  path: Assets/Wispy Sky/Materials/WispySkyboxMobileMat.mat
  artifactKey: Guid(03902d0b450add74fa144e9510fd0f85) Importer(815301076,1909f56bfc062723c751e8b465ee728b)
Start importing Assets/Wispy Sky/Materials/WispySkyboxMobileMat.mat using Guid(03902d0b450add74fa144e9510fd0f85) Importer(815301076,1909f56bfc062723c751e8b465ee728b)  -> (artifact id: 'b0e89179da35e345208a42145242200c') in 0.014342 seconds 
========================================================================
Received Import Request.
  Time since last request: 36.083822 seconds.
  path: Assets/Wispy Sky/Extras
  artifactKey: Guid(a954fc6a976e62446a90a2c04105b646) Importer(815301076,1909f56bfc062723c751e8b465ee728b)
Start importing Assets/Wispy Sky/Extras using Guid(a954fc6a976e62446a90a2c04105b646) Importer(815301076,1909f56bfc062723c751e8b465ee728b)  -> (artifact id: '1ba13c96eaf2ca7fefb755cc8997532a') in 0.009615 seconds 
========================================================================
Received Import Request.
  Time since last request: 12.330104 seconds.
  path: Assets/Christmas Tree - POLYCRAFT Series/Prefab
  artifactKey: Guid(cf69ef778cd69ba4ea4a73e2a85d024f) Importer(815301076,1909f56bfc062723c751e8b465ee728b)
Start importing Assets/Christmas Tree - POLYCRAFT Series/Prefab using Guid(cf69ef778cd69ba4ea4a73e2a85d024f) Importer(815301076,1909f56bfc062723c751e8b465ee728b)  -> (artifact id: '2024105250f091959956de8b2715725d') in 0.023308 seconds 
========================================================================
Received Import Request.
  Time since last request: 0.047379 seconds.
  path: Assets/Christmas Tree - POLYCRAFT Series/Prefab/Christmas_Ball_00.prefab
  artifactKey: Guid(346f449c586a86f4e8f51c9bfc6f8ac0) Importer(815301076,1909f56bfc062723c751e8b465ee728b)
Start importing Assets/Christmas Tree - POLYCRAFT Series/Prefab/Christmas_Ball_00.prefab using Guid(346f449c586a86f4e8f51c9bfc6f8ac0) Importer(815301076,1909f56bfc062723c751e8b465ee728b)  -> (artifact id: '019b97ae989765d0627ea82f53749eb6') in 0.116785 seconds 
========================================================================
Received Import Request.
  Time since last request: 0.000023 seconds.
  path: Assets/Christmas Tree - POLYCRAFT Series/Prefab/Present_Box_Pattern_02.prefab
  artifactKey: Guid(ad7c75d83e40ee741a8618b123700c88) Importer(815301076,1909f56bfc062723c751e8b465ee728b)
Start importing Assets/Christmas Tree - POLYCRAFT Series/Prefab/Present_Box_Pattern_02.prefab using Guid(ad7c75d83e40ee741a8618b123700c88) Importer(815301076,1909f56bfc062723c751e8b465ee728b)  -> (artifact id: 'c1d51d176dbb61b232c2f969ae74f9c5') in 0.023213 seconds 
========================================================================
Received Import Request.
  Time since last request: 0.000040 seconds.
  path: Assets/Christmas Tree - POLYCRAFT Series/Prefab/Present_Box_Color_20.prefab
  artifactKey: Guid(70c5432535f63da449237048e8a3ba7d) Importer(815301076,1909f56bfc062723c751e8b465ee728b)
Start importing Assets/Christmas Tree - POLYCRAFT Series/Prefab/Present_Box_Color_20.prefab using Guid(70c5432535f63da449237048e8a3ba7d) Importer(815301076,1909f56bfc062723c751e8b465ee728b)  -> (artifact id: '80887d8fe064e91a6fe0ed6c3d21bdf6') in 0.027194 seconds 
========================================================================
Received Import Request.
  Time since last request: 0.000021 seconds.
  path: Assets/Christmas Tree - POLYCRAFT Series/Prefab/Christmas_Ball_05.prefab
  artifactKey: Guid(7ad324a9f0845a248a5ee8baff2855a7) Importer(815301076,1909f56bfc062723c751e8b465ee728b)
Start importing Assets/Christmas Tree - POLYCRAFT Series/Prefab/Christmas_Ball_05.prefab using Guid(7ad324a9f0845a248a5ee8baff2855a7) Importer(815301076,1909f56bfc062723c751e8b465ee728b)  -> (artifact id: 'ac5341012588414ec2bdb39dad151c0e') in 0.021312 seconds 
========================================================================
Received Import Request.
  Time since last request: 0.000022 seconds.
  path: Assets/Christmas Tree - POLYCRAFT Series/Prefab/Christmas_Ball_08.prefab
  artifactKey: Guid(9524b77da7900e2448a2bbf6302deb30) Importer(815301076,1909f56bfc062723c751e8b465ee728b)
Start importing Assets/Christmas Tree - POLYCRAFT Series/Prefab/Christmas_Ball_08.prefab using Guid(9524b77da7900e2448a2bbf6302deb30) Importer(815301076,1909f56bfc062723c751e8b465ee728b)  -> (artifact id: '2a01c5aa0019abcb6299f3c624ddb154') in 0.026053 seconds 
========================================================================
Received Import Request.
  Time since last request: 0.000027 seconds.
  path: Assets/Christmas Tree - POLYCRAFT Series/Prefab/Present_Box_Color_19.prefab
  artifactKey: Guid(e9b16bb6557cb23408c80012a5c723c2) Importer(815301076,1909f56bfc062723c751e8b465ee728b)
Start importing Assets/Christmas Tree - POLYCRAFT Series/Prefab/Present_Box_Color_19.prefab using Guid(e9b16bb6557cb23408c80012a5c723c2) Importer(815301076,1909f56bfc062723c751e8b465ee728b)  -> (artifact id: '532ea1ca4e0e1bbd99d9d2f8b7bb92e0') in 0.027502 seconds 
========================================================================
Received Import Request.
  Time since last request: 0.000038 seconds.
  path: Assets/Christmas Tree - POLYCRAFT Series/Prefab/Present_Box_Color_24.prefab
  artifactKey: Guid(f255d0a692f8d2c40b224e172fd3ac25) Importer(815301076,1909f56bfc062723c751e8b465ee728b)
Start importing Assets/Christmas Tree - POLYCRAFT Series/Prefab/Present_Box_Color_24.prefab using Guid(f255d0a692f8d2c40b224e172fd3ac25) Importer(815301076,1909f56bfc062723c751e8b465ee728b)  -> (artifact id: 'c0da13c6d3fa5e648969307b59680323') in 0.027657 seconds 
========================================================================
Received Import Request.
  Time since last request: 0.000027 seconds.
  path: Assets/Christmas Tree - POLYCRAFT Series/Prefab/Present_Box_Color_30.prefab
  artifactKey: Guid(e5b7c36b701cce94c9c8a11137907de1) Importer(815301076,1909f56bfc062723c751e8b465ee728b)
Start importing Assets/Christmas Tree - POLYCRAFT Series/Prefab/Present_Box_Color_30.prefab using Guid(e5b7c36b701cce94c9c8a11137907de1) Importer(815301076,1909f56bfc062723c751e8b465ee728b)  -> (artifact id: '7eebccc25f432dd2dd06b00e84b00a98') in 0.024712 seconds 
========================================================================
Received Import Request.
  Time since last request: 0.000025 seconds.
  path: Assets/Christmas Tree - POLYCRAFT Series/Prefab/Present_Box_Color_02.prefab
  artifactKey: Guid(fe19fd958f2734f4790174a5fdd95766) Importer(815301076,1909f56bfc062723c751e8b465ee728b)
Start importing Assets/Christmas Tree - POLYCRAFT Series/Prefab/Present_Box_Color_02.prefab using Guid(fe19fd958f2734f4790174a5fdd95766) Importer(815301076,1909f56bfc062723c751e8b465ee728b)  -> (artifact id: 'a298a122b047508cce496c920b8059fb') in 0.023338 seconds 
========================================================================
Received Import Request.
  Time since last request: 0.000036 seconds.
  path: Assets/Christmas Tree - POLYCRAFT Series/Prefab/Christmas_Ball_10.prefab
  artifactKey: Guid(5424cda683fac0e4ea61e5245094a7e5) Importer(815301076,1909f56bfc062723c751e8b465ee728b)
Start importing Assets/Christmas Tree - POLYCRAFT Series/Prefab/Christmas_Ball_10.prefab using Guid(5424cda683fac0e4ea61e5245094a7e5) Importer(815301076,1909f56bfc062723c751e8b465ee728b)  -> (artifact id: '0698c942c28b2a96faba393041618a21') in 0.022395 seconds 
========================================================================
Received Import Request.
  Time since last request: 0.000049 seconds.
  path: Assets/Christmas Tree - POLYCRAFT Series/Prefab/Christmas_Tree_V1_01.prefab
  artifactKey: Guid(a149a3c00d359414489dc7172643c85c) Importer(815301076,1909f56bfc062723c751e8b465ee728b)
Start importing Assets/Christmas Tree - POLYCRAFT Series/Prefab/Christmas_Tree_V1_01.prefab using Guid(a149a3c00d359414489dc7172643c85c) Importer(815301076,1909f56bfc062723c751e8b465ee728b)  -> (artifact id: '00002951730c21b012e8b2577fc2fc00') in 0.020998 seconds 
========================================================================
Received Import Request.
  Time since last request: 0.000036 seconds.
  path: Assets/Christmas Tree - POLYCRAFT Series/Prefab/Present_Box_Color_37.prefab
  artifactKey: Guid(cc25c1885b05e9b48b0b5fbc56fca8e6) Importer(815301076,1909f56bfc062723c751e8b465ee728b)
Start importing Assets/Christmas Tree - POLYCRAFT Series/Prefab/Present_Box_Color_37.prefab using Guid(cc25c1885b05e9b48b0b5fbc56fca8e6) Importer(815301076,1909f56bfc062723c751e8b465ee728b)  -> (artifact id: 'da180504ea6625c090c095e218902700') in 0.021452 seconds 
========================================================================
Received Import Request.
  Time since last request: 0.000024 seconds.
  path: Assets/Christmas Tree - POLYCRAFT Series/Prefab/Present_Box_Color_27.prefab
  artifactKey: Guid(ed42f75bf676ab6459f98e96249d78eb) Importer(815301076,1909f56bfc062723c751e8b465ee728b)
Start importing Assets/Christmas Tree - POLYCRAFT Series/Prefab/Present_Box_Color_27.prefab using Guid(ed42f75bf676ab6459f98e96249d78eb) Importer(815301076,1909f56bfc062723c751e8b465ee728b)  -> (artifact id: '8a9e5780f887b996209cc6b64ecfbde0') in 0.019023 seconds 
========================================================================
Received Import Request.
  Time since last request: 0.000040 seconds.
  path: Assets/Christmas Tree - POLYCRAFT Series/Prefab/Present_Box_Color_16.prefab
  artifactKey: Guid(307a3c2cd859c074dad96a275a69cbe0) Importer(815301076,1909f56bfc062723c751e8b465ee728b)
Start importing Assets/Christmas Tree - POLYCRAFT Series/Prefab/Present_Box_Color_16.prefab using Guid(307a3c2cd859c074dad96a275a69cbe0) Importer(815301076,1909f56bfc062723c751e8b465ee728b)  -> (artifact id: '379b376262c1667d7eab6e95b59df566') in 0.020349 seconds 
========================================================================
Received Import Request.
  Time since last request: 0.000039 seconds.
  path: Assets/Christmas Tree - POLYCRAFT Series/Prefab/Present_Box_Color_36.prefab
  artifactKey: Guid(d39d5d8e3ac3376488b9ea6780ef8078) Importer(815301076,1909f56bfc062723c751e8b465ee728b)
Start importing Assets/Christmas Tree - POLYCRAFT Series/Prefab/Present_Box_Color_36.prefab using Guid(d39d5d8e3ac3376488b9ea6780ef8078) Importer(815301076,1909f56bfc062723c751e8b465ee728b)  -> (artifact id: 'c66841671a26f71c2e05c8f81b5ab048') in 0.024828 seconds 
========================================================================
Received Import Request.
  Time since last request: 0.000024 seconds.
  path: Assets/Christmas Tree - POLYCRAFT Series/Prefab/Present_Box_Pattern_01.prefab
  artifactKey: Guid(f23119363d685014b95bf265d8d77bd9) Importer(815301076,1909f56bfc062723c751e8b465ee728b)
Start importing Assets/Christmas Tree - POLYCRAFT Series/Prefab/Present_Box_Pattern_01.prefab using Guid(f23119363d685014b95bf265d8d77bd9) Importer(815301076,1909f56bfc062723c751e8b465ee728b)  -> (artifact id: '8b97127d6d138be55b38928001fa0f1e') in 0.022804 seconds 
========================================================================
Received Import Request.
  Time since last request: 0.000023 seconds.
  path: Assets/Christmas Tree - POLYCRAFT Series/Prefab/Christmas_Candy_00.prefab
  artifactKey: Guid(9d21682eb45dd044a9a0d26d5352f4e2) Importer(815301076,1909f56bfc062723c751e8b465ee728b)
Start importing Assets/Christmas Tree - POLYCRAFT Series/Prefab/Christmas_Candy_00.prefab using Guid(9d21682eb45dd044a9a0d26d5352f4e2) Importer(815301076,1909f56bfc062723c751e8b465ee728b)  -> (artifact id: 'd2bfcaa0d4fb7f5514f1ada8686b1527') in 0.019782 seconds 
========================================================================
Received Import Request.
  Time since last request: 0.000037 seconds.
  path: Assets/Christmas Tree - POLYCRAFT Series/Prefab/Present_Box_Color_04.prefab
  artifactKey: Guid(555a450a413ce924ea367d43a02f44b5) Importer(815301076,1909f56bfc062723c751e8b465ee728b)
Start importing Assets/Christmas Tree - POLYCRAFT Series/Prefab/Present_Box_Color_04.prefab using Guid(555a450a413ce924ea367d43a02f44b5) Importer(815301076,1909f56bfc062723c751e8b465ee728b)  -> (artifact id: '141205b3f04600662ab5daed04e8cb84') in 0.019180 seconds 
========================================================================
Received Import Request.
  Time since last request: 0.000034 seconds.
  path: Assets/Christmas Tree - POLYCRAFT Series/Prefab/Christmas_Ball_02.prefab
  artifactKey: Guid(2f08d5b8aacce504d887fa1fbbe63524) Importer(815301076,1909f56bfc062723c751e8b465ee728b)
Start importing Assets/Christmas Tree - POLYCRAFT Series/Prefab/Christmas_Ball_02.prefab using Guid(2f08d5b8aacce504d887fa1fbbe63524) Importer(815301076,1909f56bfc062723c751e8b465ee728b)  -> (artifact id: '083219d8371a1a2b24c1d2bf2fcabb13') in 0.021849 seconds 
========================================================================
Received Import Request.
  Time since last request: 0.000038 seconds.
  path: Assets/Christmas Tree - POLYCRAFT Series/Prefab/Present_Box_Pattern_00.prefab
  artifactKey: Guid(a79c1eeb0046f3840bb1bc75ea29b793) Importer(815301076,1909f56bfc062723c751e8b465ee728b)
Start importing Assets/Christmas Tree - POLYCRAFT Series/Prefab/Present_Box_Pattern_00.prefab using Guid(a79c1eeb0046f3840bb1bc75ea29b793) Importer(815301076,1909f56bfc062723c751e8b465ee728b)  -> (artifact id: 'd3c321b3285d58f953c254cd36a88d6f') in 0.022160 seconds 
========================================================================
Received Import Request.
  Time since last request: 0.000055 seconds.
  path: Assets/Christmas Tree - POLYCRAFT Series/Prefab/Present_Box_Color_22.prefab
  artifactKey: Guid(6d28f1735c7a56b4c9f7f52f843aa404) Importer(815301076,1909f56bfc062723c751e8b465ee728b)
Start importing Assets/Christmas Tree - POLYCRAFT Series/Prefab/Present_Box_Color_22.prefab using Guid(6d28f1735c7a56b4c9f7f52f843aa404) Importer(815301076,1909f56bfc062723c751e8b465ee728b)  -> (artifact id: '5e0bc5d6ebac8f8d37455b724cbf4716') in 0.021001 seconds 
========================================================================
Received Import Request.
  Time since last request: 0.000029 seconds.
  path: Assets/Christmas Tree - POLYCRAFT Series/Prefab/Present_Box_Color_31.prefab
  artifactKey: Guid(0acddce154df22642b239afa8983fc91) Importer(815301076,1909f56bfc062723c751e8b465ee728b)
Start importing Assets/Christmas Tree - POLYCRAFT Series/Prefab/Present_Box_Color_31.prefab using Guid(0acddce154df22642b239afa8983fc91) Importer(815301076,1909f56bfc062723c751e8b465ee728b)  -> (artifact id: '00a037e7a4c689934429b7f160cb4d3c') in 0.019341 seconds 
========================================================================
Received Import Request.
  Time since last request: 0.000027 seconds.
  path: Assets/Christmas Tree - POLYCRAFT Series/Prefab/Present_Box_Color_38.prefab
  artifactKey: Guid(c98fbdb086d60a24b834c934ac6f2840) Importer(815301076,1909f56bfc062723c751e8b465ee728b)
Start importing Assets/Christmas Tree - POLYCRAFT Series/Prefab/Present_Box_Color_38.prefab using Guid(c98fbdb086d60a24b834c934ac6f2840) Importer(815301076,1909f56bfc062723c751e8b465ee728b)  -> (artifact id: '7231df6a2177e3b8127044f34edcc8a9') in 0.020800 seconds 
========================================================================
Received Import Request.
  Time since last request: 0.000021 seconds.
  path: Assets/Christmas Tree - POLYCRAFT Series/Prefab/Christmas_Ball_09.prefab
  artifactKey: Guid(998fb6df537612b4b93fd1efbbb9c4a7) Importer(815301076,1909f56bfc062723c751e8b465ee728b)
Start importing Assets/Christmas Tree - POLYCRAFT Series/Prefab/Christmas_Ball_09.prefab using Guid(998fb6df537612b4b93fd1efbbb9c4a7) Importer(815301076,1909f56bfc062723c751e8b465ee728b)  -> (artifact id: '50882ee642464216a16f2b61b783b219') in 0.018684 seconds 
========================================================================
Received Import Request.
  Time since last request: 0.000026 seconds.
  path: Assets/Christmas Tree - POLYCRAFT Series/Prefab/Present_Box_Color_40.prefab
  artifactKey: Guid(2df63d60245f3d5448916136b34a40c7) Importer(815301076,1909f56bfc062723c751e8b465ee728b)
Start importing Assets/Christmas Tree - POLYCRAFT Series/Prefab/Present_Box_Color_40.prefab using Guid(2df63d60245f3d5448916136b34a40c7) Importer(815301076,1909f56bfc062723c751e8b465ee728b)  -> (artifact id: 'dd2c37b5049c537f35fbc15d21769b87') in 0.021286 seconds 
========================================================================
Received Import Request.
  Time since last request: 0.000025 seconds.
  path: Assets/Christmas Tree - POLYCRAFT Series/Prefab/Christmas_Ball_11.prefab
  artifactKey: Guid(f11f4656aaf62da41838106c00951a0c) Importer(815301076,1909f56bfc062723c751e8b465ee728b)
Start importing Assets/Christmas Tree - POLYCRAFT Series/Prefab/Christmas_Ball_11.prefab using Guid(f11f4656aaf62da41838106c00951a0c) Importer(815301076,1909f56bfc062723c751e8b465ee728b)  -> (artifact id: '7870bfb49b592007aed9a3d88da3401f') in 0.018398 seconds 
========================================================================
Received Import Request.
  Time since last request: 0.000037 seconds.
  path: Assets/Christmas Tree - POLYCRAFT Series/Prefab/Christmas_Tree_V2_01.prefab
  artifactKey: Guid(5edc51b46fc40044e8bba94ecb7a8a59) Importer(815301076,1909f56bfc062723c751e8b465ee728b)
Start importing Assets/Christmas Tree - POLYCRAFT Series/Prefab/Christmas_Tree_V2_01.prefab using Guid(5edc51b46fc40044e8bba94ecb7a8a59) Importer(815301076,1909f56bfc062723c751e8b465ee728b)  -> (artifact id: '441991c29cbed9ca7c801d83b93ff7d2') in 0.021309 seconds 
========================================================================
Received Import Request.
  Time since last request: 0.000022 seconds.
  path: Assets/Christmas Tree - POLYCRAFT Series/Prefab/Present_Box_Color_25.prefab
  artifactKey: Guid(e60e2532315275146ba186b0e3797c9c) Importer(815301076,1909f56bfc062723c751e8b465ee728b)
Start importing Assets/Christmas Tree - POLYCRAFT Series/Prefab/Present_Box_Color_25.prefab using Guid(e60e2532315275146ba186b0e3797c9c) Importer(815301076,1909f56bfc062723c751e8b465ee728b)  -> (artifact id: '73e5cef1314cb505e54f3d740b9aeead') in 0.021145 seconds 
========================================================================
Received Import Request.
  Time since last request: 0.000034 seconds.
  path: Assets/Christmas Tree - POLYCRAFT Series/Prefab/Christmas_Ball_06.prefab
  artifactKey: Guid(842467ccc4ad3264d8b43bcea1454771) Importer(815301076,1909f56bfc062723c751e8b465ee728b)
Start importing Assets/Christmas Tree - POLYCRAFT Series/Prefab/Christmas_Ball_06.prefab using Guid(842467ccc4ad3264d8b43bcea1454771) Importer(815301076,1909f56bfc062723c751e8b465ee728b)  -> (artifact id: 'a270f31828ae35853880fbfbf56ed5f9') in 0.019208 seconds 
========================================================================
Received Import Request.
  Time since last request: 0.000036 seconds.
  path: Assets/Christmas Tree - POLYCRAFT Series/Prefab/Present_Box_Color_11.prefab
  artifactKey: Guid(aa48dc4ca40a6ec469f5fc74afada3fa) Importer(815301076,1909f56bfc062723c751e8b465ee728b)
Start importing Assets/Christmas Tree - POLYCRAFT Series/Prefab/Present_Box_Color_11.prefab using Guid(aa48dc4ca40a6ec469f5fc74afada3fa) Importer(815301076,1909f56bfc062723c751e8b465ee728b)  -> (artifact id: '1f6ca6a02e7f5df120668bf73df058e4') in 0.019723 seconds 
========================================================================
Received Import Request.
  Time since last request: 0.000107 seconds.
  path: Assets/Christmas Tree - POLYCRAFT Series/Prefab/Present_Box_Color_10.prefab
  artifactKey: Guid(e2167d802c2e59744b95bb9abe897919) Importer(815301076,1909f56bfc062723c751e8b465ee728b)
Start importing Assets/Christmas Tree - POLYCRAFT Series/Prefab/Present_Box_Color_10.prefab using Guid(e2167d802c2e59744b95bb9abe897919) Importer(815301076,1909f56bfc062723c751e8b465ee728b)  -> (artifact id: '51d979465301ef8a62b89ae018689803') in 0.021539 seconds 
========================================================================
Received Import Request.
  Time since last request: 0.000023 seconds.
  path: Assets/Christmas Tree - POLYCRAFT Series/Prefab/Present_Box_Color_15.prefab
  artifactKey: Guid(53981ad3738d4aa42aa6df455316ca68) Importer(815301076,1909f56bfc062723c751e8b465ee728b)
Start importing Assets/Christmas Tree - POLYCRAFT Series/Prefab/Present_Box_Color_15.prefab using Guid(53981ad3738d4aa42aa6df455316ca68) Importer(815301076,1909f56bfc062723c751e8b465ee728b)  -> (artifact id: 'e9df6cb4cfdd85f1c18876f5d6d42160') in 0.019544 seconds 
========================================================================
Received Import Request.
  Time since last request: 0.000032 seconds.
  path: Assets/Christmas Tree - POLYCRAFT Series/Prefab/Christmas_Ball_04.prefab
  artifactKey: Guid(86cca0d98031dba4883c01dbd59f8e2f) Importer(815301076,1909f56bfc062723c751e8b465ee728b)
Start importing Assets/Christmas Tree - POLYCRAFT Series/Prefab/Christmas_Ball_04.prefab using Guid(86cca0d98031dba4883c01dbd59f8e2f) Importer(815301076,1909f56bfc062723c751e8b465ee728b)  -> (artifact id: '597c356007393c6d3b46c8f88ed45464') in 0.021988 seconds 
========================================================================
Received Import Request.
  Time since last request: 0.000061 seconds.
  path: Assets/Christmas Tree - POLYCRAFT Series/Prefab/Present_Box_Color_17.prefab
  artifactKey: Guid(b354ea2d6b513d645a88782b72bc7785) Importer(815301076,1909f56bfc062723c751e8b465ee728b)
Start importing Assets/Christmas Tree - POLYCRAFT Series/Prefab/Present_Box_Color_17.prefab using Guid(b354ea2d6b513d645a88782b72bc7785) Importer(815301076,1909f56bfc062723c751e8b465ee728b)  -> (artifact id: 'ffb48d12b6dac4347c62f38bc4d29abd') in 0.021196 seconds 
========================================================================
Received Import Request.
  Time since last request: 0.000030 seconds.
  path: Assets/Christmas Tree - POLYCRAFT Series/Prefab/Present_Box_Color_35.prefab
  artifactKey: Guid(ac4c9c604de72aa4c8edd05d68e6007b) Importer(815301076,1909f56bfc062723c751e8b465ee728b)
Start importing Assets/Christmas Tree - POLYCRAFT Series/Prefab/Present_Box_Color_35.prefab using Guid(ac4c9c604de72aa4c8edd05d68e6007b) Importer(815301076,1909f56bfc062723c751e8b465ee728b)  -> (artifact id: 'd4cabd7d91ef0b384bf860608e2c1e39') in 0.022324 seconds 
========================================================================
Received Import Request.
  Time since last request: 1.597819 seconds.
  path: Assets/Christmas Tree - POLYCRAFT Series/Prefab/Present_Box_Pattern_04.prefab
  artifactKey: Guid(513d64f078b524d4f858b5628fd4faf4) Importer(815301076,1909f56bfc062723c751e8b465ee728b)
Start importing Assets/Christmas Tree - POLYCRAFT Series/Prefab/Present_Box_Pattern_04.prefab using Guid(513d64f078b524d4f858b5628fd4faf4) Importer(815301076,1909f56bfc062723c751e8b465ee728b)  -> (artifact id: 'd73a3d13d22441bc32f3b0d670db1443') in 0.018619 seconds 
========================================================================
Received Import Request.
  Time since last request: 0.000024 seconds.
  path: Assets/Christmas Tree - POLYCRAFT Series/Prefab/Present_Box_Pattern_14.prefab
  artifactKey: Guid(716743d40d1cca548b2533dd7a08f2c4) Importer(815301076,1909f56bfc062723c751e8b465ee728b)
Start importing Assets/Christmas Tree - POLYCRAFT Series/Prefab/Present_Box_Pattern_14.prefab using Guid(716743d40d1cca548b2533dd7a08f2c4) Importer(815301076,1909f56bfc062723c751e8b465ee728b)  -> (artifact id: '5c6b95a9a5834c27003443a880d3864e') in 0.020916 seconds 
========================================================================
Received Import Request.
  Time since last request: 0.000036 seconds.
  path: Assets/Christmas Tree - POLYCRAFT Series/Prefab/Present_Box_Pattern_07.prefab
  artifactKey: Guid(63c37c4093edcd847a5b4a1c23fe7581) Importer(815301076,1909f56bfc062723c751e8b465ee728b)
Start importing Assets/Christmas Tree - POLYCRAFT Series/Prefab/Present_Box_Pattern_07.prefab using Guid(63c37c4093edcd847a5b4a1c23fe7581) Importer(815301076,1909f56bfc062723c751e8b465ee728b)  -> (artifact id: '176813cc7147e35e9933c04dcabeee23') in 0.020740 seconds 
========================================================================
Received Import Request.
  Time since last request: 0.000025 seconds.
  path: Assets/Christmas Tree - POLYCRAFT Series/Prefab/Present_Box_Pattern_13.prefab
  artifactKey: Guid(5617dddda1a105142993ff1d528361cd) Importer(815301076,1909f56bfc062723c751e8b465ee728b)
Start importing Assets/Christmas Tree - POLYCRAFT Series/Prefab/Present_Box_Pattern_13.prefab using Guid(5617dddda1a105142993ff1d528361cd) Importer(815301076,1909f56bfc062723c751e8b465ee728b)  -> (artifact id: '82823c1ac1f5267d5f6b391410e7ccb6') in 0.022325 seconds 
========================================================================
Received Import Request.
  Time since last request: 0.000042 seconds.
  path: Assets/Christmas Tree - POLYCRAFT Series/Prefab/Present_Box_Pattern_09.prefab
  artifactKey: Guid(bbc0b525f1af03149958fc57163108a0) Importer(815301076,1909f56bfc062723c751e8b465ee728b)
Start importing Assets/Christmas Tree - POLYCRAFT Series/Prefab/Present_Box_Pattern_09.prefab using Guid(bbc0b525f1af03149958fc57163108a0) Importer(815301076,1909f56bfc062723c751e8b465ee728b)  -> (artifact id: '0d35f4e62831d9be7cbd31626175eec7') in 0.019373 seconds 
========================================================================
Received Import Request.
  Time since last request: 0.000066 seconds.
  path: Assets/Christmas Tree - POLYCRAFT Series/Prefab/Present_Box_Pattern_11.prefab
  artifactKey: Guid(ff8425c20040d494cb13f372bf50908a) Importer(815301076,1909f56bfc062723c751e8b465ee728b)
Start importing Assets/Christmas Tree - POLYCRAFT Series/Prefab/Present_Box_Pattern_11.prefab using Guid(ff8425c20040d494cb13f372bf50908a) Importer(815301076,1909f56bfc062723c751e8b465ee728b)  -> (artifact id: 'ccb343753cd30d680cab2206c22e76a1') in 0.021683 seconds 
========================================================================
Received Import Request.
  Time since last request: 0.000029 seconds.
  path: Assets/Christmas Tree - POLYCRAFT Series/Prefab/Present_Box_Pattern_12.prefab
  artifactKey: Guid(76dd6c7f8239fd64f92db1a70ef12313) Importer(815301076,1909f56bfc062723c751e8b465ee728b)
Start importing Assets/Christmas Tree - POLYCRAFT Series/Prefab/Present_Box_Pattern_12.prefab using Guid(76dd6c7f8239fd64f92db1a70ef12313) Importer(815301076,1909f56bfc062723c751e8b465ee728b)  -> (artifact id: 'c807f859d9a83ace676b63e7279d40f2') in 0.018873 seconds 
========================================================================
Received Import Request.
  Time since last request: 1.027348 seconds.
  path: Assets/Christmas Tree - POLYCRAFT Series/Prefab/Present_Box_Pattern_18.prefab
  artifactKey: Guid(e1aebb0d52474084fb407ec31a0bed21) Importer(815301076,1909f56bfc062723c751e8b465ee728b)
Start importing Assets/Christmas Tree - POLYCRAFT Series/Prefab/Present_Box_Pattern_18.prefab using Guid(e1aebb0d52474084fb407ec31a0bed21) Importer(815301076,1909f56bfc062723c751e8b465ee728b)  -> (artifact id: '07f5214242f1d9789f8ab235bbcb1171') in 0.021100 seconds 
========================================================================
Received Import Request.
  Time since last request: 0.000032 seconds.
  path: Assets/Christmas Tree - POLYCRAFT Series/Prefab/Present_Box_Pattern_23.prefab
  artifactKey: Guid(02b4b3b9e66c3af47ae20318ddd2da8d) Importer(815301076,1909f56bfc062723c751e8b465ee728b)
Start importing Assets/Christmas Tree - POLYCRAFT Series/Prefab/Present_Box_Pattern_23.prefab using Guid(02b4b3b9e66c3af47ae20318ddd2da8d) Importer(815301076,1909f56bfc062723c751e8b465ee728b)  -> (artifact id: '0c2245b72a4ce8b95ac85a2f6cbb7e48') in 0.025285 seconds 
========================================================================
Received Import Request.
  Time since last request: 8.765913 seconds.
  path: Assets/PyroParticles/Demo
  artifactKey: Guid(eb7216d604c894143a86709d6c29edda) Importer(815301076,1909f56bfc062723c751e8b465ee728b)
Start importing Assets/PyroParticles/Demo using Guid(eb7216d604c894143a86709d6c29edda) Importer(815301076,1909f56bfc062723c751e8b465ee728b)  -> (artifact id: '8a09af430b788101725782a3ed15c4ed') in 0.008250 seconds 
========================================================================
Received Import Request.
  Time since last request: 0.051145 seconds.
  path: Assets/PyroParticles/Demo/CratePhysicsMaterial.physicMaterial
  artifactKey: Guid(42f09312a07995948980601c8901b6b8) Importer(815301076,1909f56bfc062723c751e8b465ee728b)
Start importing Assets/PyroParticles/Demo/CratePhysicsMaterial.physicMaterial using Guid(42f09312a07995948980601c8901b6b8) Importer(815301076,1909f56bfc062723c751e8b465ee728b)  -> (artifact id: '8072d2d341a9fbbee6436290705f9ba1') in 0.016503 seconds 
========================================================================
Received Import Request.
  Time since last request: 0.000029 seconds.
  path: Assets/PyroParticles/Demo/GroundMaterial.mat
  artifactKey: Guid(0d5235a7c819c56458eed6c660319223) Importer(815301076,1909f56bfc062723c751e8b465ee728b)
Start importing Assets/PyroParticles/Demo/GroundMaterial.mat using Guid(0d5235a7c819c56458eed6c660319223) Importer(815301076,1909f56bfc062723c751e8b465ee728b)  -> (artifact id: 'ca7b1642ef92eecdb9462ff2c4cc41c6') in 0.070830 seconds 
========================================================================
Received Import Request.
  Time since last request: 0.000026 seconds.
  path: Assets/PyroParticles/Demo/GroundPlanePhysicsMaterial.physicMaterial
  artifactKey: Guid(ed39ec1489b586d4bbadd0831bc1d129) Importer(815301076,1909f56bfc062723c751e8b465ee728b)
Start importing Assets/PyroParticles/Demo/GroundPlanePhysicsMaterial.physicMaterial using Guid(ed39ec1489b586d4bbadd0831bc1d129) Importer(815301076,1909f56bfc062723c751e8b465ee728b)  -> (artifact id: '06f0cb0c15e6fe321c9d18252b5f30f6') in 0.017982 seconds 
========================================================================
Received Prepare
Registering precompiled user dll's ...
Registered in 0.002834 seconds.
Begin MonoManager ReloadAssembly
Symbol file LoadedFromMemory doesn't match image E:\ProgProjects\VisualProg\Dragon picker xd\Library\PackageCache\com.unity.visualscripting@1.8.0\Editor\VisualScripting.Core\Dependencies\YamlDotNet\Unity.VisualScripting.YamlDotNet.dll
Symbol file LoadedFromMemory doesn't match image E:\ProgProjects\VisualProg\Dragon picker xd\Library\PackageCache\com.unity.visualscripting@1.8.0\Editor\VisualScripting.Core\Dependencies\DotNetZip\Unity.VisualScripting.IonicZip.dll
Native extension for WindowsStandalone target not found
Refreshing native plugins compatible for Editor in 0.57 ms, found 3 plugins.
Preloading 0 native plugins for Editor in 0.00 ms.
Mono: successfully reloaded assembly
- Completed reload, in  0.942 seconds
Domain Reload Profiling:
	ReloadAssembly (943ms)
		BeginReloadAssembly (141ms)
			ExecutionOrderSort (0ms)
			DisableScriptedObjects (4ms)
			BackupInstance (0ms)
			ReleaseScriptingObjects (0ms)
			CreateAndSetChildDomain (41ms)
		EndReloadAssembly (717ms)
			LoadAssemblies (88ms)
			RebuildTransferFunctionScriptingTraits (0ms)
			SetupTypeCache (301ms)
			ReleaseScriptCaches (1ms)
			RebuildScriptCaches (43ms)
			SetupLoadedEditorAssemblies (260ms)
				LogAssemblyErrors (0ms)
				InitializePlatformSupportModulesInManaged (4ms)
				SetLoadedEditorAssemblies (0ms)
				RefreshPlugins (1ms)
				BeforeProcessingInitializeOnLoad (52ms)
				ProcessInitializeOnLoadAttributes (182ms)
				ProcessInitializeOnLoadMethodAttributes (19ms)
				AfterProcessingInitializeOnLoad (2ms)
				EditorAssembliesLoaded (0ms)
			ExecutionOrderSort2 (0ms)
			AwakeInstancesAfterBackupRestoration (6ms)
Platform modules already initialized, skipping
Shader 'Custom/AdditiveTintable': fallback shader 'Particles/Additive (Soft)' not found
Refreshing native plugins compatible for Editor in 1.89 ms, found 3 plugins.
Preloading 0 native plugins for Editor in 0.00 ms.
Unloading 3055 Unused Serialized files (Serialized files now loaded: 0)
Unloading 19 unused Assets / (80.4 KB). Loaded Objects now: 3586.
Memory consumption went from 114.0 MB to 113.9 MB.
Total: 3.297400 ms (FindLiveObjects: 0.327200 ms CreateObjectMapping: 0.107500 ms MarkObjects: 2.754600 ms  DeleteObjects: 0.106800 ms)

AssetImportParameters requested are different than current active one (requested -> active):
  custom:video-decoder-ogg-theora: a1e56fd34408186e4bbccfd4996cb3dc -> 
  custom:container-muxer-webm: aa71ff27fc2769a1b78a27578f13a17b -> 
  custom:container-demuxer-webm: 4f35f7cbe854078d1ac9338744f61a02 -> 
  custom:video-encoder-webm-vp8: eb34c28f22e8b96e1ab97ce403110664 -> 
  custom:video-codec-MediaFoundation-h265: 746d11721c4dcdbdad8f713fa42b33f4 -> 
  custom:audio-encoder-webm-vorbis: bf7c407c2cedff20999df2af8eb42d56 -> 
  custom:framework-win-MediaFoundation: 216162199b28c13a410421893ffa2e32 -> 
  custom:container-demuxer-ogg: 62fdf1f143b41e24485cea50d1cbac27 -> 
  custom:video-decoder-webm-vp8: 9c59270c3fd7afecdb556c50c9e8de78 -> 
  custom:audio-decoder-ogg-vorbis: bf7c407c2cedff20999df2af8eb42d56 -> 
========================================================================
Received Prepare
Registering precompiled user dll's ...
Registered in 0.004154 seconds.
Begin MonoManager ReloadAssembly
Symbol file LoadedFromMemory doesn't match image E:\ProgProjects\VisualProg\Dragon picker xd\Library\PackageCache\com.unity.visualscripting@1.8.0\Editor\VisualScripting.Core\Dependencies\YamlDotNet\Unity.VisualScripting.YamlDotNet.dll
Symbol file LoadedFromMemory doesn't match image E:\ProgProjects\VisualProg\Dragon picker xd\Library\PackageCache\com.unity.visualscripting@1.8.0\Editor\VisualScripting.Core\Dependencies\DotNetZip\Unity.VisualScripting.IonicZip.dll
Native extension for WindowsStandalone target not found
Refreshing native plugins compatible for Editor in 0.83 ms, found 3 plugins.
Preloading 0 native plugins for Editor in 0.00 ms.
Mono: successfully reloaded assembly
- Completed reload, in  0.979 seconds
Domain Reload Profiling:
	ReloadAssembly (980ms)
		BeginReloadAssembly (134ms)
			ExecutionOrderSort (0ms)
			DisableScriptedObjects (5ms)
			BackupInstance (0ms)
			ReleaseScriptingObjects (0ms)
			CreateAndSetChildDomain (33ms)
		EndReloadAssembly (759ms)
			LoadAssemblies (85ms)
			RebuildTransferFunctionScriptingTraits (0ms)
			SetupTypeCache (275ms)
			ReleaseScriptCaches (2ms)
			RebuildScriptCaches (40ms)
			SetupLoadedEditorAssemblies (318ms)
				LogAssemblyErrors (0ms)
				InitializePlatformSupportModulesInManaged (5ms)
				SetLoadedEditorAssemblies (1ms)
				RefreshPlugins (1ms)
				BeforeProcessingInitializeOnLoad (62ms)
				ProcessInitializeOnLoadAttributes (228ms)
				ProcessInitializeOnLoadMethodAttributes (19ms)
				AfterProcessingInitializeOnLoad (3ms)
				EditorAssembliesLoaded (0ms)
			ExecutionOrderSort2 (0ms)
			AwakeInstancesAfterBackupRestoration (9ms)
Platform modules already initialized, skipping
Shader 'Custom/AdditiveTintable': fallback shader 'Particles/Additive (Soft)' not found
Refreshing native plugins compatible for Editor in 2.22 ms, found 3 plugins.
Preloading 0 native plugins for Editor in 0.00 ms.
Unloading 3055 Unused Serialized files (Serialized files now loaded: 0)
Unloading 17 unused Assets / (80.3 KB). Loaded Objects now: 3589.
Memory consumption went from 114.0 MB to 113.9 MB.
Total: 3.318400 ms (FindLiveObjects: 0.306300 ms CreateObjectMapping: 0.077400 ms MarkObjects: 2.832400 ms  DeleteObjects: 0.100700 ms)

AssetImportParameters requested are different than current active one (requested -> active):
  custom:video-decoder-ogg-theora: a1e56fd34408186e4bbccfd4996cb3dc -> 
  custom:container-muxer-webm: aa71ff27fc2769a1b78a27578f13a17b -> 
  custom:container-demuxer-webm: 4f35f7cbe854078d1ac9338744f61a02 -> 
  custom:video-encoder-webm-vp8: eb34c28f22e8b96e1ab97ce403110664 -> 
  custom:video-codec-MediaFoundation-h265: 746d11721c4dcdbdad8f713fa42b33f4 -> 
  custom:audio-encoder-webm-vorbis: bf7c407c2cedff20999df2af8eb42d56 -> 
  custom:framework-win-MediaFoundation: 216162199b28c13a410421893ffa2e32 -> 
  custom:container-demuxer-ogg: 62fdf1f143b41e24485cea50d1cbac27 -> 
  custom:video-decoder-webm-vp8: 9c59270c3fd7afecdb556c50c9e8de78 -> 
  custom:audio-decoder-ogg-vorbis: bf7c407c2cedff20999df2af8eb42d56 -> 
Editor requested this worker to shutdown with reason: Scaling down because of idle timeout
AssetImportWorker is now disconnected from the server
Process exiting
Exiting without the bug reporter. Application will terminate with return code 0